18-02-10 11:08:32,108 [main] Logfile closed: E:\GetUsRoi-Workspace\kafka-event-subscription-updated\features-installer\.\tmlog-1.log
18-02-10 11:16:31,265 [main] Logfile closed: E:\GetUsRoi-Workspace\kafka-event-subscription-updated\features-installer\.\tmlog-1.log
18-02-10 12:12:33,916 [main] Logfile closed: E:\GetUsRoi-Workspace\kafka-event-subscription-updated\features-installer\.\tmlog-1.log
18-02-10 12:12:42,015 [main] Logfile closed: E:\GetUsRoi-Workspace\kafka-event-subscription-updated\features-installer\.\tmlog0.log
18-02-10 12:18:36,197 [main] Logfile closed: E:\GetUsRoi-Workspace\kafka-event-subscription-updated\features-installer\.\tmlog-1.log
18-02-10 12:18:43,077 [main] Logfile closed: E:\GetUsRoi-Workspace\kafka-event-subscription-updated\features-installer\.\tmlog0.log
18-02-10 12:22:18,532 [main] Logfile closed: E:\GetUsRoi-Workspace\kafka-event-subscription-updated\features-installer\.\tmlog-1.log
18-02-10 12:29:20,936 [main] Logfile closed: E:\GetUsRoi-Workspace\kafka-event-subscription-updated\features-installer\.\tmlog-1.log
18-02-10 12:45:20,900 [main] Logfile closed: E:\GetUsRoi-Workspace\kafka-event-subscription-updated\features-installer\.\tmlog-1.log
18-02-10 12:45:24,846 [main] Logfile closed: E:\GetUsRoi-Workspace\kafka-event-subscription-updated\features-installer\.\tmlog0.log
18-02-10 12:48:57,535 [main] Logfile closed: E:\GetUsRoi-Workspace\kafka-event-subscription-updated\features-installer\.\tmlog-1.log
18-02-10 12:51:06,910 [Camel (baseroute) thread #0 - KafkaConsumer[testTopic1]] Coordinator not recoverable: 192.168.1.230.tm0003000001
18-02-10 13:01:23,894 [main] Logfile closed: E:\GetUsRoi-Workspace\kafka-event-subscription-updated\features-installer\.\tmlog-1.log
18-02-10 13:01:37,938 [Camel (baseroute) thread #1 - KafkaConsumer[testTopic1]] Coordinator not recoverable: 192.168.1.230.tm0000600001
18-02-10 13:01:38,623 [Camel (baseroute) thread #1 - KafkaConsumer[testTopic1]] Forcing close of pending statement: com.mysql.jdbc.jdbc2.optional.JDBC4PreparedStatementWrapper@6b453ae3
18-02-10 13:01:39,653 [Camel (baseroute) thread #1 - KafkaConsumer[testTopic1]] Forcing close of pending statement: com.mysql.jdbc.jdbc2.optional.JDBC4PreparedStatementWrapper@31682d74
18-02-10 13:01:40,399 [Camel (baseroute) thread #1 - KafkaConsumer[testTopic1]] Forcing close of pending statement: com.mysql.jdbc.jdbc2.optional.JDBC4PreparedStatementWrapper@4ed9152d
18-02-10 13:01:41,215 [Camel (baseroute) thread #1 - KafkaConsumer[testTopic1]] Forcing close of pending statement: com.mysql.jdbc.jdbc2.optional.JDBC4PreparedStatementWrapper@4f2c37d3
18-02-10 13:03:22,387 [main] Logfile closed: E:\GetUsRoi-Workspace\kafka-event-subscription-updated\features-installer\.\tmlog-1.log
18-02-10 13:03:41,465 [Restlet-1788504588] Coordinator not recoverable: 192.168.1.230.tm0000300001
18-02-10 13:03:42,132 [Restlet-1788504588] Forcing close of pending statement: com.mysql.jdbc.jdbc2.optional.JDBC4PreparedStatementWrapper@593f3c7
18-02-10 13:03:44,265 [Camel (baseroute) thread #0 - KafkaConsumer[testTopic1]] Forcing close of pending statement: com.mysql.jdbc.jdbc2.optional.JDBC4PreparedStatementWrapper@6512903b
18-02-10 13:06:50,434 [main] Logfile closed: E:\GetUsRoi-Workspace\kafka-event-subscription-updated\features-installer\.\tmlog-1.log
18-02-10 13:08:08,127 [main] Logfile closed: E:\GetUsRoi-Workspace\kafka-event-subscription-updated\features-installer\.\tmlog-1.log
18-02-10 13:08:30,639 [Restlet-1491019876] Coordinator not recoverable: 192.168.1.230.tm0000300001
18-02-10 13:08:31,010 [Restlet-1491019876] Forcing close of pending statement: com.mysql.jdbc.jdbc2.optional.JDBC4PreparedStatementWrapper@24373c04
18-02-10 13:08:32,043 [Camel (baseroute) thread #1 - KafkaConsumer[testTopic1]] Forcing close of pending statement: com.mysql.jdbc.jdbc2.optional.JDBC4PreparedStatementWrapper@51bf0f6c
